<?xml version="1.0" encoding="UTF-8"?>
<!-- Generated by org.testng.reporters.JUnitReportReporter -->
<testsuite hostname="kairosHW0442" failures="0" tests="1" name="com.Google.Testcases.GoogleLangauageSettingsTest" time="2.297" errors="0" timestamp="2023-06-16T15:29:32 IST" skipped="0">
  <testcase classname="com.Google.Testcases.GoogleLangauageSettingsTest" name="setTest" time="2.297"/>
  <system-out/>
</testsuite> <!-- com.Google.Testcases.GoogleLangauageSettingsTest -->
