<?xml version="1.0" encoding="UTF-8"?>
<!-- Generated by org.testng.reporters.JUnitReportReporter -->
<testsuite hostname="kairosHW0442" failures="0" tests="1" name="com.Google.Testcases.GoogleNavigations" time="7.560" errors="0" timestamp="2023-06-14T13:53:47 IST" skipped="0">
  <testcase classname="com.Google.Testcases.GoogleNavigations" name="testcase" time="7.560"/>
  <system-out/>
</testsuite> <!-- com.Google.Testcases.GoogleNavigations -->
