<?xml version="1.0" encoding="UTF-8"?>
<!-- Generated by org.testng.reporters.JUnitReportReporter -->
<testsuite hostname="kairosHW0442" failures="0" tests="1" name="com.Google.Testcases.GoogleLangauageSettings" time="3.346" errors="0" timestamp="2023-06-14T12:34:04 IST" skipped="0">
  <testcase classname="com.Google.Testcases.GoogleLangauageSettings" name="test" time="3.346"/>
  <system-out/>
</testsuite> <!-- com.Google.Testcases.GoogleLangauageSettings -->
